<?xml version="1.0" encoding="UTF-8"?>
<!-- Generated by org.testng.reporters.JUnitXMLReporter -->
<testsuite ignored="0" hostname="meldas-MacBook-Pro.local" failures="0" tests="6" name="All Functionalities" time="95.858" errors="0" timestamp="2022-06-17T20:02:20 CDT">
  <testcase classname="scripts.CarvanaHomePageTest" name="testCarvanaUrlAndTitle" time="2.098"/>
  <testcase classname="scripts.CarvanaHomePageTest" name="testLogo" time="3.985"/>
  <testcase classname="scripts.CarvanaHomePageTest" name="testNavigationSection" time="2.14"/>
  <testcase classname="scripts.CarvanaHomePageTest" name="testSignInErrorMessage" time="3.094"/>
  <testcase classname="scripts.CarvanaHomePageTest" name="TestSearchCars" time="8.174"/>
  <testcase classname="scripts.CarvanaHomePageTest" name="TestSearchResult" time="45.774"/>
</testsuite> <!-- All Functionalities -->
