<?xml version="1.0" encoding="UTF-8"?>
<!-- Generated by org.testng.reporters.JUnitXMLReporter -->
<testsuite ignored="0" hostname="meldas-MacBook-Pro.local" failures="0" tests="6" name="All Functionalities" time="70.47" errors="0" timestamp="2023-02-03T22:56:36 CST">
  <testcase classname="scripts.CarvanaHomePageTest" name="testCarvanaUrlAndTitle" time="3.041"/>
  <testcase classname="scripts.CarvanaHomePageTest" name="testLogo" time="2.993"/>
  <testcase classname="scripts.CarvanaHomePageTest" name="testNavigationSection" time="3.124"/>
  <testcase classname="scripts.CarvanaHomePageTest" name="testSignInErrorMessage" time="6.351"/>
  <testcase classname="scripts.CarvanaHomePageTest" name="TestSearchCars" time="8.477"/>
  <testcase classname="scripts.CarvanaHomePageTest" name="TestSearchResult" time="14.72"/>
</testsuite> <!-- All Functionalities -->
