<?xml version="1.0" encoding="UTF-8"?>
<testsuite xmlns:xsi="http://www.w3.org/2001/XMLSchema-instance" xsi:schemaLocation="https://maven.apache.org/surefire/maven-surefire-plugin/xsd/surefire-test-report.xsd" name="TestSuite" time="70.876" tests="6" errors="0" skipped="0" failures="0">
  <properties>
[...]
</properties>
  <testcase name="testCarvanaUrlAndTitle" classname="scripts.CarvanaHomePageTest" time="3.043"/>
  <testcase name="testLogo" classname="scripts.CarvanaHomePageTest" time="2.992"/>
  <testcase name="testNavigationSection" classname="scripts.CarvanaHomePageTest" time="3.124"/>
  <testcase name="testSignInErrorMessage" classname="scripts.CarvanaHomePageTest" time="6.35"/>
  <testcase name="TestSearchCars" classname="scripts.CarvanaHomePageTest" time="8.477"/>
  <testcase name="TestSearchResult" classname="scripts.CarvanaHomePageTest" time="14.72"/>
</testsuite>