<?xml version="1.0" encoding="UTF-8"?>
<!-- Generated by org.testng.reporters.JUnitXMLReporter -->
<testsuite ignored="0" hostname="meldas-MacBook-Pro.local" failures="0" tests="6" name="Command line test" time="98.359" errors="0" timestamp="2022-06-17T19:51:36 CDT">
  <testcase classname="scripts.CarvanaHomePageTest" name="testCarvanaUrlAndTitle" time="2.081"/>
  <testcase classname="scripts.CarvanaHomePageTest" name="testLogo" time="4.189"/>
  <testcase classname="scripts.CarvanaHomePageTest" name="testNavigationSection" time="2.213"/>
  <testcase classname="scripts.CarvanaHomePageTest" name="testSignInErrorMessage" time="3.011"/>
  <testcase classname="scripts.CarvanaHomePageTest" name="TestSearchCars" time="8.986"/>
  <testcase classname="scripts.CarvanaHomePageTest" name="TestSearchResult" time="46.968"/>
</testsuite> <!-- Command line test -->
